Arguments: 
  C:\Program Files\nodejs\node.exe C:\Program Files (x86)\Yarn\bin\yarn.js add typescrypt -D

PATH: 
  C:\Prompts\cmder\bin;C:\Prompts\cmder\vendor\bin;C:\Prompts\cmder\vendor\conemu-maximus5\ConEmu\Scripts;C:\Prompts\cmder\vendor\conemu-maximus5;C:\Prompts\cmder\vendor\conemu-maximus5\ConEmu;C:\Program Files (x86)\Common Files\Oracle\Java\javapath;C:\Program Files (x86)\Intel\iCLS Client\;C:\Program Files\Intel\iCLS Client\;C:\Windows\system32;C:\Windows;C:\Windows\System32\Wbem;C:\Windows\System32\WindowsPowerShell\v1.0\;C:\Windows\System32\OpenSSH\;C:\Program Files (x86)\Intel\Intel(R) Management Engine Components\DAL;C:\Program Files\Intel\Intel(R) Management Engine Components\DAL;C:\Program Files (x86)\Intel\Intel(R) Management Engine Components\IPT;C:\Program Files\Intel\Intel(R) Management Engine Components\IPT;C:\Program Files\Git\cmd;C:\wamp64\bin\php\php7.2.10;C:\ProgramData\ComposerSetup\bin;C:\Users\marqu\AppData\Local\Microsoft\WindowsApps;C:\Users\marqu\AppData\Local\Programs\Microsoft VS Code\bin;C:\Users\marqu\AppData\Roaming\Composer\vendor\bin;C:\Program Files\heroku\bin;C:\Users\marqu\AppData\Roaming\npm;C:\Users\marqu\bin;C:\Program Files\dotnet\;C:\WINDOWS\system32;C:\WINDOWS;C:\WINDOWS\System32\Wbem;C:\WINDOWS\System32\WindowsPowerShell\v1.0\;C:\WINDOWS\System32\OpenSSH\;C:\Program Files (x86)\Microsoft SQL Server\150\DTS\Binn\;C:\Program Files\Microsoft SQL Server\130\Tools\Binn\;C:\Program Files\Microsoft SQL Server\Client SDK\ODBC\170\Tools\Binn\;C:\Program Files (x86)\NVIDIA Corporation\PhysX\Common;C:\Program Files\NVIDIA Corporation\NVIDIA NvDLISR;C:\Program Files\Dart\dart-sdk\bin;C:\ProgramData\chocolatey\bin;C:\Program Files (x86)\Yarn\bin\;C:\Program Files\nodejs\;C:\Users\marqu\AppData\Local\Programs\Python\Python38\Scripts\;C:\Users\marqu\AppData\Local\Programs\Python\Python38\;C:\Program Files\nodejs\node_modules\npm\node_modules\npm-lifecycle\node-gyp-bin;C:\Users\marqu\AppData\Roaming\npm\node_modules\windows-build-tools\node_modules\.bin;C:\Users\marqu\AppData\Roaming\npm\node_modules\.bin;C:\Program Files (x86)\Intel\iCLS Client\;C:\Program Files\Intel\iCLS Client\;C:\Windows\system32;C:\Windows;C:\Windows\System32\Wbem;C:\Windows\System32\WindowsPowerShell\v1.0\;C:\Windows\System32\OpenSSH\;C:\Program Files (x86)\Intel\Intel(R) Management Engine Components\DAL;C:\Program Files\Intel\Intel(R) Management Engine Components\DAL;C:\Program Files (x86)\Intel\Intel(R) Management Engine Components\IPT;C:\Program Files\Intel\Intel(R) Management Engine Components\IPT;C:\Program Files (x86)\NVIDIA Corporation\PhysX\Common;C:\Program Files\Git\cmd;C:\wamp64\bin\php\php7.2.10;C:\ProgramData\ComposerSetup\bin;C:\Program Files\nodejs\;C:\Users\marqu\AppData\Local\Microsoft\WindowsApps;C:\Users\marqu\AppData\Local\Programs\Microsoft VS Code\bin;C:\Users\marqu\AppData\Roaming\Composer\vendor\bin;C:\Program Files\heroku\bin;C:\Users\marqu\bin;C:\Program Files\dotnet\;C:\Users\marqu\AppData\Local\Microsoft\WindowsApps;C:\Python27\Scripts;C:\Python27;C:\Program Files\MongoDB\Server\4.2\bin\mongod.exe;C:\flutter\bin;C:\Program Files\Android\Android Studio\bin;C:\Users\marqu\AppData\Local\Yarn\bin;C:\Users\marqu\AppData\Roaming\npm;C:\Program Files\Git\cmd;C:\Program Files\Git\mingw64\bin;C:\Program Files\Git\usr\bin;C:\Prompts\cmder

Yarn version: 
  1.22.4

Node version: 
  12.18.3

Platform: 
  win32 x64

Trace: 
  Error: https://registry.yarnpkg.com/typescrypt: Not found
      at Request.params.callback [as _callback] (C:\Program Files (x86)\Yarn\lib\cli.js:66096:18)
      at Request.self.callback (C:\Program Files (x86)\Yarn\lib\cli.js:140748:22)
      at Request.emit (events.js:315:20)
      at Request.<anonymous> (C:\Program Files (x86)\Yarn\lib\cli.js:141720:10)
      at Request.emit (events.js:315:20)
      at IncomingMessage.<anonymous> (C:\Program Files (x86)\Yarn\lib\cli.js:141642:12)
      at Object.onceWrapper (events.js:421:28)
      at IncomingMessage.emit (events.js:327:22)
      at endReadableNT (_stream_readable.js:1220:12)
      at processTicksAndRejections (internal/process/task_queues.js:84:21)

npm manifest: 
  {
    "name": "server",
    "version": "1.0.0",
    "main": "index.js",
    "license": "MIT"
  }

yarn manifest: 
  No manifest

Lockfile: 
  No lockfile
